{
  "RSpec": {
    "coverage": {
      "/Users/luke/epicodus/rails/Race-me/spec/features/add_goal_pages_spec.rb": [
        1,
        null,
        1,
        1,
        1,
        null,
        1,
        1,
        1,
        1,
        1,
        1,
        1,
        1,
        1,
        1,
        1,
        1,
        null,
        1,
        null,
        null
      ],
      "/Users/luke/epicodus/rails/Race-me/spec/rails_helper.rb": [
        null,
        1,
        1,
        null,
        1,
        1,
        1,
        1,
        1,
        null,
        1,
        1,
        null,
        1,
        null,
        null,
        null,
        null,
        null,
        null,
        null,
        null,
        null,
        null,
        null,
        null,
        null,
        null,
        null,
        null,
        null,
        null,
        null,
        null,
        1,
        null,
        1,
        null,
        1,
        null,
        null,
        null,
        null,
        null,
        null,
        null,
        null,
        null,
        null,
        1,
        1,
        null,
        null,
        1,
        16,
        16,
        null,
        null,
        null,
        null,
        null,
        null,
        null,
        null,
        null,
        null,
        null,
        null,
        1,
        null,
        null,
        1,
        null,
        null,
        null,
        null,
        1,
        1,
        1,
        1,
        null,
        null
      ],
      "/Users/luke/epicodus/rails/Race-me/config/environment.rb": [
        null,
        1,
        null,
        null,
        1
      ],
      "/Users/luke/epicodus/rails/Race-me/config/application.rb": [
        1,
        null,
        1,
        null,
        1,
        1,
        1,
        1,
        1,
        1,
        1,
        1,
        1,
        null,
        null,
        null,
        null,
        null,
        1,
        null,
        1,
        1,
        1,
        null,
        null,
        null,
        null,
        null,
        null
      ],
      "/Users/luke/epicodus/rails/Race-me/config/boot.rb": [
        1,
        null,
        1
      ],
      "/Users/luke/epicodus/rails/Race-me/config/spring.rb": [
        null,
        null,
        null,
        null,
        null,
        5
      ],
      "/Users/luke/epicodus/rails/Race-me/config/environments/test.rb": [
        1,
        null,
        null,
        null,
        null,
        null,
        null,
        1,
        null,
        null,
        null,
        null,
        1,
        null,
        null,
        1,
        1,
        null,
        null,
        null,
        null,
        1,
        1,
        null,
        null,
        1,
        null,
        null,
        1,
        1,
        null,
        null,
        null,
        null,
        1,
        null,
        null,
        1,
        null,
        null,
        null,
        null
      ],
      "/Users/luke/epicodus/rails/Race-me/config/initializers/application_controller_renderer.rb": [
        null,
        null,
        null,
        null,
        null,
        null
      ],
      "/Users/luke/epicodus/rails/Race-me/config/initializers/assets.rb": [
        null,
        null,
        null,
        1,
        null,
        null,
        null,
        null,
        null,
        null,
        null
      ],
      "/Users/luke/epicodus/rails/Race-me/config/initializers/backtrace_silencers.rb": [
        null,
        null,
        null,
        null,
        null,
        null,
        null
      ],
      "/Users/luke/epicodus/rails/Race-me/config/initializers/cookies_serializer.rb": [
        null,
        null,
        null,
        null,
        1
      ],
      "/Users/luke/epicodus/rails/Race-me/config/initializers/devise.rb": [
        null,
        null,
        1,
        null,
        null,
        null,
        null,
        null,
        null,
        null,
        null,
        null,
        null,
        null,
        1,
        null,
        null,
        null,
        null,
        null,
        null,
        null,
        null,
        null,
        null,
        null,
        1,
        null,
        null,
        null,
        null,
        null,
        null,
        null,
        null,
        null,
        null,
        null,
        null,
        null,
        null,
        null,
        null,
        null,
        null,
        null,
        null,
        null,
        1,
        null,
        null,
        null,
        null,
        1,
        null,
        null,
        null,
        null,
        null,
        null,
        null,
        null,
        null,
        null,
        null,
        null,
        null,
        null,
        null,
        null,
        null,
        null,
        null,
        null,
        null,
        null,
        null,
        null,
        null,
        null,
        null,
        null,
        null,
        null,
        1,
        null,
        null,
        null,
        null,
        null,
        null,
        null,
        null,
        null,
        null,
        null,
        null,
        null,
        null,
        null,
        null,
        null,
        null,
        null,
        null,
        null,
        null,
        1,
        null,
        null,
        null,
        null,
        null,
        null,
        null,
        null,
        null,
        null,
        null,
        null,
        null,
        null,
        null,
        null,
        null,
        null,
        null,
        null,
        null,
        null,
        null,
        null,
        null,
        null,
        null,
        1,
        null,
        null,
        null,
        null,
        null,
        null,
        null,
        null,
        null,
        1,
        null,
        null,
        null,
        null,
        null,
        null,
        null,
        null,
        null,
        null,
        1,
        null,
        null,
        null,
        null,
        1,
        null,
        null,
        null,
        null,
        null,
        null,
        null,
        null,
        null,
        null,
        null,
        null,
        null,
        null,
        null,
        null,
        null,
        null,
        null,
        null,
        null,
        null,
        null,
        null,
        null,
        null,
        null,
        null,
        null,
        null,
        null,
        null,
        null,
        null,
        null,
        null,
        null,
        null,
        null,
        null,
        1,
        null,
        null,
        null,
        null,
        null,
        null,
        null,
        null,
        null,
        null,
        null,
        null,
        null,
        null,
        null,
        null,
        null,
        null,
        null,
        1,
        null,
        null,
        null,
        null,
        null,
        null,
        null,
        null,
        null,
        null,
        null,
        null,
        null,
        null,
        null,
        null,
        null,
        null,
        null,
        null,
        null,
        1,
        null,
        null,
        null,
        null,
        null,
        1,
        null,
        null,
        null,
        null,
        null,
        null,
        null,
        1,
        null,
        null,
        1,
        null,
        null,
        null,
        null,
        null,
        null,
        null,
        null,
        null,
        null,
        null,
        null,
        null,
        null,
        null,
        null
      ],
      "/Users/luke/epicodus/rails/Race-me/config/initializers/filter_parameter_logging.rb": [
        null,
        null,
        null,
        1
      ],
      "/Users/luke/epicodus/rails/Race-me/config/initializers/inflections.rb": [
        null,
        null,
        null,
        null,
        null,
        null,
        null,
        null,
        null,
        null,
        null,
        null,
        null,
        null,
        null,
        null
      ],
      "/Users/luke/epicodus/rails/Race-me/config/initializers/mime_types.rb": [
        null,
        null,
        null,
        null
      ],
      "/Users/luke/epicodus/rails/Race-me/config/initializers/new_framework_defaults.rb": [
        null,
        null,
        null,
        null,
        null,
        null,
        null,
        1,
        null,
        null,
        1,
        null,
        null,
        null,
        1,
        null,
        null,
        1,
        null,
        null,
        1,
        null,
        null,
        1
      ],
      "/Users/luke/epicodus/rails/Race-me/config/initializers/session_store.rb": [
        null,
        null,
        1
      ],
      "/Users/luke/epicodus/rails/Race-me/config/initializers/wrap_parameters.rb": [
        null,
        null,
        null,
        null,
        null,
        null,
        1,
        2,
        null,
        null,
        null,
        null,
        null,
        null
      ],
      "/Users/luke/epicodus/rails/Race-me/config/routes.rb": [
        1,
        1,
        1,
        null,
        null,
        null,
        1,
        1,
        1,
        1,
        1,
        null,
        null,
        1,
        1,
        null,
        null
      ],
      "/Users/luke/epicodus/rails/Race-me/app/models/user.rb": [
        1,
        null,
        null,
        1,
        null,
        null,
        1,
        1,
        1,
        1,
        null,
        1,
        0,
        0,
        0,
        0,
        0,
        null,
        null,
        null,
        1,
        2,
        2,
        0,
        null,
        null,
        null,
        null,
        1,
        2,
        null,
        null,
        1,
        2,
        0,
        0,
        0,
        null,
        null,
        2,
        0,
        2,
        0,
        0,
        0,
        null,
        null,
        null,
        null,
        null,
        1,
        0,
        null,
        null,
        null,
        null,
        null,
        null,
        null,
        null,
        null,
        1,
        2,
        2,
        0,
        0,
        0,
        0,
        null,
        null,
        null
      ],
      "/Users/luke/epicodus/rails/Race-me/app/models/application_record.rb": [
        1,
        1,
        null
      ],
      "/Users/luke/epicodus/rails/Race-me/lib/custom_failure.rb": [
        1,
        1,
        2,
        null,
        null,
        null,
        null,
        null,
        null,
        null,
        null,
        null,
        null,
        null
      ],
      "/Users/luke/epicodus/rails/Race-me/app/controllers/application_controller.rb": [
        1,
        1,
        1,
        null,
        null
      ],
      "/Users/luke/epicodus/rails/Race-me/app/helpers/application_helper.rb": [
        1,
        1,
        3,
        null,
        1,
        1,
        null,
        null,
        1,
        2,
        2,
        0,
        0,
        null,
        null,
        null
      ],
      "/Users/luke/epicodus/rails/Race-me/app/helpers/devise_helper.rb": [
        1,
        1,
        2,
        null,
        0,
        0,
        null,
        null,
        null,
        0,
        null,
        null,
        null,
        null,
        null,
        null,
        0,
        null,
        null,
        1,
        2,
        null,
        null,
        null
      ],
      "/Users/luke/epicodus/rails/Race-me/app/helpers/goals_helper.rb": [
        1,
        1,
        3,
        3,
        3,
        3,
        3,
        null,
        0,
        null,
        null,
        0,
        null,
        null,
        null,
        1,
        2,
        2,
        1,
        1,
        0,
        1,
        0,
        1,
        0,
        1,
        1,
        null,
        0,
        null,
        null,
        null
      ],
      "/Users/luke/epicodus/rails/Race-me/app/helpers/home_helper.rb": [
        1,
        1,
        0,
        0,
        0,
        0,
        null,
        null
      ],
      "/Users/luke/epicodus/rails/Race-me/app/helpers/runs_helper.rb": [
        1,
        null
      ],
      "/Users/luke/epicodus/rails/Race-me/app/helpers/splash_helper.rb": [
        1,
        null
      ],
      "/Users/luke/epicodus/rails/Race-me/app/channels/application_cable/channel.rb": [
        1,
        1,
        null,
        null
      ],
      "/Users/luke/epicodus/rails/Race-me/app/channels/application_cable/connection.rb": [
        1,
        1,
        null,
        null
      ],
      "/Users/luke/epicodus/rails/Race-me/app/controllers/goals_controller.rb": [
        1,
        1,
        1,
        1,
        0,
        null,
        1,
        null,
        null,
        1,
        1,
        2,
        null,
        null,
        null,
        1,
        1,
        null,
        1,
        1,
        null,
        null,
        null,
        1,
        1,
        null,
        null,
        1,
        null,
        1,
        null,
        1,
        1,
        1,
        null,
        null,
        null,
        null,
        null,
        1,
        null,
        1,
        null,
        null,
        1,
        1,
        null,
        1,
        0,
        null,
        null,
        1,
        1,
        null,
        0,
        0,
        null,
        null,
        0,
        0,
        0,
        null,
        null,
        null,
        1,
        0,
        0,
        null,
        null,
        null,
        1,
        0,
        0,
        0,
        0,
        null,
        0,
        0,
        null,
        null,
        null,
        1,
        0,
        0,
        0,
        null,
        0,
        null,
        null,
        0,
        0,
        null,
        null,
        1,
        null,
        1,
        7,
        null,
        7,
        null,
        null,
        null,
        1,
        0,
        0,
        null,
        0,
        0,
        0,
        0,
        null,
        0,
        0,
        null,
        0,
        null,
        null,
        null
      ],
      "/Users/luke/epicodus/rails/Race-me/app/controllers/home_controller.rb": [
        1,
        1,
        2,
        2,
        0,
        null,
        2,
        2,
        2,
        null,
        null,
        null
      ],
      "/Users/luke/epicodus/rails/Race-me/app/controllers/registrations_controller.rb": [
        1,
        1,
        null,
        null,
        1,
        2,
        2,
        2,
        2,
        null,
        null,
        1,
        null,
        0,
        null,
        0,
        0,
        0,
        0,
        0,
        null,
        0,
        0,
        0,
        0,
        null,
        0,
        0,
        0,
        null,
        null,
        0,
        0,
        0,
        null,
        null,
        null,
        1,
        null,
        1,
        2,
        null,
        null,
        1,
        0,
        null,
        null,
        1,
        0,
        null,
        null
      ],
      "/Users/luke/epicodus/rails/Race-me/app/controllers/runs_controller.rb": [
        1,
        1,
        2,
        2,
        null,
        null,
        1,
        0,
        null,
        null,
        null,
        1,
        1,
        1,
        null,
        null,
        1,
        1,
        1,
        null,
        1,
        1,
        1,
        1,
        1,
        null,
        0,
        0,
        null,
        null,
        null,
        1,
        0,
        0,
        null,
        null,
        1,
        0,
        0,
        0,
        0,
        0,
        0,
        null,
        0,
        0,
        0,
        null,
        null,
        0,
        null,
        0,
        0,
        null,
        null,
        null,
        1,
        0,
        0,
        0,
        0,
        0,
        null,
        null,
        1,
        null,
        1,
        1,
        null,
        null
      ],
      "/Users/luke/epicodus/rails/Race-me/app/controllers/splash_controller.rb": [
        1,
        1,
        null,
        1,
        null,
        null
      ],
      "/Users/luke/epicodus/rails/Race-me/app/controllers/users/omniauth_callbacks_controller.rb": [
        1,
        1,
        0,
        null,
        0,
        0,
        0,
        null,
        0,
        0,
        null,
        null,
        null,
        1,
        0,
        null,
        null
      ],
      "/Users/luke/epicodus/rails/Race-me/app/controllers/users/sessions_controller.rb": [
        1,
        null,
        null,
        null,
        1,
        0,
        null,
        null,
        null,
        null,
        null,
        null,
        null,
        null,
        null,
        null,
        null,
        null,
        null,
        null,
        null,
        null,
        null,
        null,
        null
      ],
      "/Users/luke/epicodus/rails/Race-me/app/jobs/application_job.rb": [
        1,
        null
      ],
      "/Users/luke/epicodus/rails/Race-me/app/mailers/application_mailer.rb": [
        1,
        1,
        1,
        null
      ],
      "/Users/luke/epicodus/rails/Race-me/app/mailers/mailer.rb": [
        1,
        null,
        null,
        null,
        null,
        null,
        null,
        1,
        2,
        2,
        2,
        null,
        2,
        null,
        null,
        1,
        0,
        0,
        0,
        null,
        0,
        null,
        null
      ],
      "/Users/luke/epicodus/rails/Race-me/app/models/goal.rb": [
        1,
        1,
        1,
        1,
        null,
        1,
        1,
        1,
        null,
        null
      ],
      "/Users/luke/epicodus/rails/Race-me/app/models/picture.rb": [
        1,
        null
      ],
      "/Users/luke/epicodus/rails/Race-me/app/models/race.rb": [
        1,
        1,
        1,
        null,
        1,
        null
      ],
      "/Users/luke/epicodus/rails/Race-me/app/models/run.rb": [
        1,
        1,
        1,
        null,
        1,
        1,
        null
      ],
      "/Users/luke/epicodus/rails/Race-me/app/models/strava.rb": [

      ],
      "/Users/luke/epicodus/rails/Race-me/app/services/geocoder.rb": [
        1,
        1,
        4,
        4,
        4,
        null,
        null,
        null,
        null,
        null,
        1,
        1,
        1,
        null,
        1,
        null,
        1,
        null,
        null
      ],
      "/Users/luke/epicodus/rails/Race-me/spec/factories/goal.rb": [
        1,
        1,
        1,
        1,
        1,
        1,
        null,
        null
      ],
      "/Users/luke/epicodus/rails/Race-me/spec/factories/pictures.rb": [
        1,
        1,
        1,
        1,
        1,
        null,
        null
      ],
      "/Users/luke/epicodus/rails/Race-me/spec/factories/user.rb": [
        1,
        1,
        1,
        1,
        1,
        null,
        null
      ],
      "/Users/luke/epicodus/rails/Race-me/spec/features/add_runs_pages_spec.rb": [
        1,
        null,
        1,
        1,
        1,
        1,
        null,
        null,
        null,
        null,
        null,
        1,
        1,
        1,
        1,
        1,
        1,
        1,
        1,
        1,
        1,
        1,
        1,
        null,
        1,
        null,
        null
      ],
      "/Users/luke/epicodus/rails/Race-me/spec/mailers/mailer_spec.rb": [
        1,
        null,
        1,
        1,
        2,
        2,
        2,
        null,
        1,
        3,
        null,
        1,
        1,
        1,
        1,
        null,
        null,
        1,
        1,
        null,
        null,
        null,
        null
      ],
      "/Users/luke/epicodus/rails/Race-me/spec/models/goal_spec.rb": [
        1,
        null,
        1,
        2,
        2,
        2,
        null,
        2,
        null
      ],
      "/Users/luke/epicodus/rails/Race-me/spec/models/race_spec.rb": [
        1,
        null,
        1,
        2,
        2,
        null,
        null
      ],
      "/Users/luke/epicodus/rails/Race-me/spec/models/run_spec.rb": [
        1,
        null,
        1,
        2,
        2,
        null,
        null
      ],
      "/Users/luke/epicodus/rails/Race-me/spec/models/user_spec.rb": [
        1,
        null,
        1,
        2,
        2,
        2,
        null,
        2,
        null,
        null
      ],
      "/Users/luke/epicodus/rails/Race-me/spec/views/splash/:index].html.slim_spec.rb": [
        1,
        null,
        1,
        1,
        null
      ],
      "/Users/luke/epicodus/rails/Race-me/spec/views/splash/[only.html.slim_spec.rb": [
        1,
        null,
        1,
        1,
        null
      ]
    },
    "timestamp": 1508544738
  }
}
